2025-06-18 15:56:26.623 | INFO     | app1.main:log_path:152 - INCOMING PATH: /healthz
2025-06-18 15:56:26.633 | INFO     | app1.main:log_path:152 - INCOMING PATH: /burn
2025-06-18 15:56:26.639 | INFO     | app1.main:log_path:152 - INCOMING PATH: /
2025-06-18 15:56:26.646 | INFO     | app1.main:log_path:152 - INCOMING PATH: /
2025-06-18 15:56:26.652 | INFO     | app1.main:log_path:152 - INCOMING PATH: /
2025-06-18 15:56:26.665 | INFO     | app1.main:log_path:152 - INCOMING PATH: /read_app2
2025-06-18 15:56:26.996 | INFO     | app1.main:log_path:152 - INCOMING PATH: /read_app2
2025-06-18 15:56:27.350 | INFO     | app1.main:log_path:152 - INCOMING PATH: /read_app2
2025-06-18 15:56:27.690 | INFO     | app2.main:log_path:32 - INCOMING PATH: /healthz
2025-06-18 15:56:27.698 | INFO     | app2.main:log_path:32 - INCOMING PATH: /
2025-06-18 15:56:27.706 | INFO     | auth.main:log_path:102 - INCOMING PATH: /healthz
2025-06-18 15:56:27.905 | INFO     | auth.main:log_path:102 - INCOMING PATH: /login
2025-06-18 15:56:27.913 | INFO     | auth.main:log_path:102 - INCOMING PATH: /logout
2025-06-18 15:56:40.896 | INFO     | app1.main:log_path:152 - INCOMING PATH: /healthz
2025-06-18 15:56:40.906 | INFO     | app1.main:log_path:152 - INCOMING PATH: /burn
2025-06-18 15:56:40.913 | INFO     | app1.main:log_path:152 - INCOMING PATH: /
2025-06-18 15:56:40.919 | INFO     | app1.main:log_path:152 - INCOMING PATH: /
2025-06-18 15:56:40.925 | INFO     | app1.main:log_path:152 - INCOMING PATH: /
2025-06-18 15:56:40.937 | INFO     | app1.main:log_path:152 - INCOMING PATH: /read_app2
2025-06-18 15:56:41.287 | INFO     | app1.main:log_path:152 - INCOMING PATH: /read_app2
2025-06-18 15:56:41.601 | INFO     | app1.main:log_path:152 - INCOMING PATH: /read_app2
2025-06-18 15:56:41.910 | INFO     | app2.main:log_path:32 - INCOMING PATH: /healthz
2025-06-18 15:56:41.916 | INFO     | app2.main:log_path:32 - INCOMING PATH: /
2025-06-18 15:56:41.923 | INFO     | auth.main:log_path:102 - INCOMING PATH: /healthz
2025-06-18 15:56:41.929 | INFO     | auth.main:log_path:102 - INCOMING PATH: /login
2025-06-18 15:56:41.935 | INFO     | auth.main:log_path:102 - INCOMING PATH: /login
2025-06-18 15:56:41.943 | INFO     | auth.main:log_path:102 - INCOMING PATH: /logout
2025-06-18 15:56:55.979 | INFO     | app1.main:log_path:152 - INCOMING PATH: /healthz
2025-06-18 15:56:55.987 | INFO     | app1.main:log_path:152 - INCOMING PATH: /burn
2025-06-18 15:56:55.993 | INFO     | app1.main:log_path:152 - INCOMING PATH: /
2025-06-18 15:56:55.999 | INFO     | app1.main:log_path:152 - INCOMING PATH: /
2025-06-18 15:56:56.007 | INFO     | app1.main:log_path:152 - INCOMING PATH: /
2025-06-18 15:56:56.017 | INFO     | app1.main:log_path:152 - INCOMING PATH: /read_app2
2025-06-18 15:56:56.329 | INFO     | app1.main:log_path:152 - INCOMING PATH: /read_app2
2025-06-18 15:56:56.654 | INFO     | app1.main:log_path:152 - INCOMING PATH: /read_app2
2025-06-18 15:56:56.975 | INFO     | app2.main:log_path:32 - INCOMING PATH: /healthz
2025-06-18 15:56:56.981 | INFO     | app2.main:log_path:32 - INCOMING PATH: /
2025-06-18 15:56:56.987 | INFO     | auth.main:log_path:102 - INCOMING PATH: /healthz
2025-06-18 15:56:56.993 | INFO     | auth.main:log_path:102 - INCOMING PATH: /login
2025-06-18 15:56:57.000 | INFO     | auth.main:log_path:102 - INCOMING PATH: /login
2025-06-18 15:56:57.009 | INFO     | auth.main:log_path:102 - INCOMING PATH: /logout
2025-06-18 15:57:18.752 | INFO     | app1.main:log_path:152 - INCOMING PATH: /healthz
2025-06-18 15:57:18.761 | INFO     | app1.main:log_path:152 - INCOMING PATH: /burn
2025-06-18 15:57:18.767 | INFO     | app1.main:log_path:152 - INCOMING PATH: /
2025-06-18 15:57:18.772 | INFO     | app1.main:log_path:152 - INCOMING PATH: /
2025-06-18 15:57:18.777 | INFO     | app1.main:log_path:152 - INCOMING PATH: /
2025-06-18 15:57:18.789 | INFO     | app1.main:log_path:152 - INCOMING PATH: /read_app2
2025-06-18 15:57:19.102 | INFO     | app1.main:log_path:152 - INCOMING PATH: /read_app2
2025-06-18 15:57:19.411 | INFO     | app1.main:log_path:152 - INCOMING PATH: /read_app2
2025-06-18 15:57:19.742 | INFO     | app2.main:log_path:32 - INCOMING PATH: /healthz
2025-06-18 15:57:19.748 | INFO     | app2.main:log_path:32 - INCOMING PATH: /
2025-06-18 15:57:19.756 | INFO     | auth.main:log_path:102 - INCOMING PATH: /healthz
2025-06-18 15:57:19.762 | INFO     | auth.main:log_path:102 - INCOMING PATH: /login
2025-06-18 15:57:19.769 | INFO     | auth.main:log_path:102 - INCOMING PATH: /login
2025-06-18 15:57:19.776 | INFO     | auth.main:log_path:102 - INCOMING PATH: /logout
2025-06-23 10:42:55.788 | INFO     | app1.main:log_path:152 - INCOMING PATH: /healthz
2025-06-23 10:42:55.808 | INFO     | app1.main:log_path:152 - INCOMING PATH: /burn
2025-06-23 10:42:55.821 | INFO     | app1.main:log_path:152 - INCOMING PATH: /
2025-06-23 10:42:55.832 | INFO     | app1.main:log_path:152 - INCOMING PATH: /
2025-06-23 10:42:55.843 | INFO     | app1.main:log_path:152 - INCOMING PATH: /
2025-06-23 10:42:55.859 | INFO     | app1.main:log_path:152 - INCOMING PATH: /read_app2
2025-06-23 10:42:56.310 | INFO     | app1.main:log_path:152 - INCOMING PATH: /read_app2
2025-06-23 10:42:56.726 | INFO     | app1.main:log_path:152 - INCOMING PATH: /read_app2
2025-06-23 10:42:57.084 | INFO     | app2.main:log_path:32 - INCOMING PATH: /healthz
2025-06-23 10:42:57.110 | INFO     | app2.main:log_path:32 - INCOMING PATH: /
2025-06-23 10:42:57.118 | INFO     | auth.main:log_path:102 - INCOMING PATH: /healthz
2025-06-23 10:42:57.125 | INFO     | auth.main:log_path:102 - INCOMING PATH: /login
2025-06-23 10:42:57.134 | INFO     | auth.main:log_path:102 - INCOMING PATH: /login
2025-06-23 10:42:57.144 | INFO     | auth.main:log_path:102 - INCOMING PATH: /logout
